2024-06-07 02:03:56,919 - DEBUG - Calling on_part_begin with no data
2024-06-07 02:03:56,922 - DEBUG - Calling on_header_field with data[23:42]
2024-06-07 02:03:56,922 - DEBUG - Calling on_header_value with data[44:95]
2024-06-07 02:03:56,923 - DEBUG - Calling on_header_end with no data
2024-06-07 02:03:56,923 - DEBUG - Calling on_header_field with data[97:109]
2024-06-07 02:03:56,923 - DEBUG - Calling on_header_value with data[111:121]
2024-06-07 02:03:56,923 - DEBUG - Calling on_header_end with no data
2024-06-07 02:03:56,923 - DEBUG - Calling on_headers_finished with no data
2024-06-07 02:03:56,924 - DEBUG - Calling on_part_data with data[125:557]
2024-06-07 02:03:56,924 - DEBUG - Calling on_part_end with no data
2024-06-07 02:03:56,924 - DEBUG - Calling on_end with no data
2024-06-11 16:38:03,127 - DEBUG - Calling on_part_begin with no data
2024-06-11 16:38:03,134 - DEBUG - Calling on_header_field with data[23:42]
2024-06-11 16:38:03,135 - DEBUG - Calling on_header_value with data[44:104]
2024-06-11 16:38:03,135 - DEBUG - Calling on_header_end with no data
2024-06-11 16:38:03,135 - DEBUG - Calling on_header_field with data[106:118]
2024-06-11 16:38:03,135 - DEBUG - Calling on_header_value with data[120:130]
2024-06-11 16:38:03,135 - DEBUG - Calling on_header_end with no data
2024-06-11 16:38:03,136 - DEBUG - Calling on_headers_finished with no data
2024-06-11 16:38:03,136 - DEBUG - Calling on_part_data with data[134:566]
2024-06-11 16:38:03,137 - DEBUG - Calling on_part_end with no data
2024-06-11 16:38:03,137 - DEBUG - Calling on_end with no data
2024-06-11 16:38:19,208 - DEBUG - Calling on_part_begin with no data
2024-06-11 16:38:19,210 - DEBUG - Calling on_header_field with data[23:42]
2024-06-11 16:38:19,210 - DEBUG - Calling on_header_value with data[44:104]
2024-06-11 16:38:19,210 - DEBUG - Calling on_header_end with no data
2024-06-11 16:38:19,210 - DEBUG - Calling on_header_field with data[106:118]
2024-06-11 16:38:19,211 - DEBUG - Calling on_header_value with data[120:130]
2024-06-11 16:38:19,211 - DEBUG - Calling on_header_end with no data
2024-06-11 16:38:19,211 - DEBUG - Calling on_headers_finished with no data
2024-06-11 16:38:19,211 - DEBUG - Calling on_part_data with data[134:566]
2024-06-11 16:38:19,212 - DEBUG - Calling on_part_end with no data
2024-06-11 16:38:19,212 - DEBUG - Calling on_end with no data
2024-06-11 16:38:31,279 - DEBUG - Calling on_part_begin with no data
2024-06-11 16:38:31,281 - DEBUG - Calling on_header_field with data[23:42]
2024-06-11 16:38:31,282 - DEBUG - Calling on_header_value with data[44:104]
2024-06-11 16:38:31,282 - DEBUG - Calling on_header_end with no data
2024-06-11 16:38:31,282 - DEBUG - Calling on_header_field with data[106:118]
2024-06-11 16:38:31,283 - DEBUG - Calling on_header_value with data[120:130]
2024-06-11 16:38:31,283 - DEBUG - Calling on_header_end with no data
2024-06-11 16:38:31,283 - DEBUG - Calling on_headers_finished with no data
2024-06-11 16:38:31,284 - DEBUG - Calling on_part_data with data[134:574]
2024-06-11 16:38:31,284 - DEBUG - Calling on_part_end with no data
2024-06-11 16:38:31,284 - DEBUG - Calling on_end with no data
